{"/Volumes/Macintosh HD - Data/Users/varunnadipudi/Documents/UnitTestingPractice/controllers/todo.controller.js": {"path":"/Volumes/Macintosh HD - Data/Users/varunnadipudi/Documents/UnitTestingPractice/controllers/todo.controller.js","statementMap":{"0":{"start":{"line":1,"column":19},"end":{"line":1,"column":50}},"1":{"start":{"line":3,"column":0},"end":{"line":11,"column":1}},"2":{"start":{"line":4,"column":2},"end":{"line":10,"column":3}},"3":{"start":{"line":5,"column":26},"end":{"line":5,"column":58}},"4":{"start":{"line":6,"column":4},"end":{"line":6,"column":40}},"5":{"start":{"line":8,"column":4},"end":{"line":8,"column":55}},"6":{"start":{"line":9,"column":4},"end":{"line":9,"column":16}}},"fnMap":{"0":{"name":"(anonymous_0)","decl":{"start":{"line":3,"column":21},"end":{"line":3,"column":22}},"loc":{"start":{"line":3,"column":46},"end":{"line":11,"column":1}},"line":3}},"branchMap":{},"s":{"0":1,"1":1,"2":4,"3":4,"4":3,"5":1,"6":1},"f":{"0":4},"b":{},"_coverageSchema":"1a1c01bbd47fc00a2c39e90264f33305004495a9","hash":"dbba5f8b4c7051441ee4a5e9b3d04e4dd41be4dc"}
,"/Volumes/Macintosh HD - Data/Users/varunnadipudi/Documents/UnitTestingPractice/models/todo.model.js": {"path":"/Volumes/Macintosh HD - Data/Users/varunnadipudi/Documents/UnitTestingPractice/models/todo.model.js","statementMap":{"0":{"start":{"line":1,"column":17},"end":{"line":1,"column":36}},"1":{"start":{"line":2,"column":19},"end":{"line":12,"column":2}},"2":{"start":{"line":14,"column":18},"end":{"line":14,"column":52}},"3":{"start":{"line":15,"column":0},"end":{"line":15,"column":27}}},"fnMap":{},"branchMap":{},"s":{"0":1,"1":1,"2":1,"3":1},"f":{},"b":{},"_coverageSchema":"1a1c01bbd47fc00a2c39e90264f33305004495a9","hash":"7e9dc806daa057cccf859ceae0932bd34877ad66"}
}
